0 info it worked if it ends with ok
1 verbose cli [ '/usr/local/bin/node', '/usr/local/bin/npm', 'install', 'jwt' ]
2 info using npm@3.10.10
3 info using node@v6.14.4
4 silly loadCurrentTree Starting
5 silly install loadCurrentTree
6 silly install readLocalPackageData
7 silly fetchPackageMetaData jwt
8 silly fetchNamedPackageData jwt
9 silly mapToRegistry name jwt
10 silly mapToRegistry using default registry
11 silly mapToRegistry registry https://registry.npmjs.org/
12 silly mapToRegistry data Result {
12 silly mapToRegistry   raw: 'jwt',
12 silly mapToRegistry   scope: null,
12 silly mapToRegistry   escapedName: 'jwt',
12 silly mapToRegistry   name: 'jwt',
12 silly mapToRegistry   rawSpec: '',
12 silly mapToRegistry   spec: 'latest',
12 silly mapToRegistry   type: 'tag' }
13 silly mapToRegistry uri https://registry.npmjs.org/jwt
14 verbose request uri https://registry.npmjs.org/jwt
15 verbose request no auth needed
16 info attempt registry request try #1 at 3:19:23 PM
17 verbose request id 605633b5637be8c7
18 http request GET https://registry.npmjs.org/jwt
19 http 200 https://registry.npmjs.org/jwt
20 verbose headers { date: 'Wed, 31 Oct 2018 15:19:23 GMT',
20 verbose headers   'content-type': 'application/json; charset=UTF-8',
20 verbose headers   'transfer-encoding': 'chunked',
20 verbose headers   connection: 'keep-alive',
20 verbose headers   'set-cookie': [ '__cfduid=d04c4e6d1756f303ddf08a5fada2732c31540999163; expires=Thu, 31-Oct-19 15:19:23 GMT; path=/; domain=.registry.npmjs.org; HttpOnly' ],
20 verbose headers   'cf-cache-status': 'REVALIDATED',
20 verbose headers   'cache-control': 'max-age=300',
20 verbose headers   'cf-ray': '47271981fbd061fa-LIS',
20 verbose headers   etag: 'W/"dae0af83830430fd0ff00dc8b50fec3a"',
20 verbose headers   'expect-ct': 'max-age=604800, report-uri="https://report-uri.cloudflare.com/cdn-cgi/beacon/expect-ct"',
20 verbose headers   'last-modified': 'Fri, 03 Aug 2018 00:39:31 GMT',
20 verbose headers   vary: 'accept-encoding, accept',
20 verbose headers   server: 'cloudflare',
20 verbose headers   'content-encoding': 'gzip' }
21 silly get cb [ 200,
21 silly get   { date: 'Wed, 31 Oct 2018 15:19:23 GMT',
21 silly get     'content-type': 'application/json; charset=UTF-8',
21 silly get     'transfer-encoding': 'chunked',
21 silly get     connection: 'keep-alive',
21 silly get     'set-cookie': [ '__cfduid=d04c4e6d1756f303ddf08a5fada2732c31540999163; expires=Thu, 31-Oct-19 15:19:23 GMT; path=/; domain=.registry.npmjs.org; HttpOnly' ],
21 silly get     'cf-cache-status': 'REVALIDATED',
21 silly get     'cache-control': 'max-age=300',
21 silly get     'cf-ray': '47271981fbd061fa-LIS',
21 silly get     etag: 'W/"dae0af83830430fd0ff00dc8b50fec3a"',
21 silly get     'expect-ct': 'max-age=604800, report-uri="https://report-uri.cloudflare.com/cdn-cgi/beacon/expect-ct"',
21 silly get     'last-modified': 'Fri, 03 Aug 2018 00:39:31 GMT',
21 silly get     vary: 'accept-encoding, accept',
21 silly get     server: 'cloudflare',
21 silly get     'content-encoding': 'gzip' } ]
22 verbose get saving jwt to /home/crossing-tiago/.npm/registry.npmjs.org/jwt/.cache.json
23 verbose correctMkdir /home/crossing-tiago/.npm correctMkdir not in flight; initializing
24 silly install normalizeTree
25 silly loadCurrentTree Finishing
26 silly loadIdealTree Starting
27 silly install loadIdealTree
28 silly cloneCurrentTree Starting
29 silly install cloneCurrentTreeToIdealTree
30 silly cloneCurrentTree Finishing
31 silly loadShrinkwrap Starting
32 silly install loadShrinkwrap
33 silly loadShrinkwrap Finishing
34 silly loadAllDepsIntoIdealTree Starting
35 silly install loadAllDepsIntoIdealTree
36 silly resolveWithNewModule jwt@0.2.0 checking installable status
37 silly cache add args [ 'jwt', null ]
38 verbose cache add spec jwt
39 silly cache add parsed spec Result {
39 silly cache add   raw: 'jwt',
39 silly cache add   scope: null,
39 silly cache add   escapedName: 'jwt',
39 silly cache add   name: 'jwt',
39 silly cache add   rawSpec: '',
39 silly cache add   spec: 'latest',
39 silly cache add   type: 'tag' }
40 silly addNamed jwt@latest
41 verbose addNamed "latest" is being treated as a dist-tag for jwt
42 info addNameTag [ 'jwt', 'latest' ]
43 silly mapToRegistry name jwt
44 silly mapToRegistry using default registry
45 silly mapToRegistry registry https://registry.npmjs.org/
46 silly mapToRegistry data Result {
46 silly mapToRegistry   raw: 'jwt',
46 silly mapToRegistry   scope: null,
46 silly mapToRegistry   escapedName: 'jwt',
46 silly mapToRegistry   name: 'jwt',
46 silly mapToRegistry   rawSpec: '',
46 silly mapToRegistry   spec: 'latest',
46 silly mapToRegistry   type: 'tag' }
47 silly mapToRegistry uri https://registry.npmjs.org/jwt
48 verbose addNameTag registry:https://registry.npmjs.org/jwt not in flight; fetching
49 verbose get https://registry.npmjs.org/jwt not expired, no request
50 silly addNameTag next cb for jwt with tag latest
51 silly addNamed jwt@0.2.0
52 verbose addNamed "0.2.0" is a plain semver version for jwt
53 silly mapToRegistry name jwt
54 silly mapToRegistry using default registry
55 silly mapToRegistry registry https://registry.npmjs.org/
56 silly mapToRegistry data Result {
56 silly mapToRegistry   raw: 'jwt',
56 silly mapToRegistry   scope: null,
56 silly mapToRegistry   escapedName: 'jwt',
56 silly mapToRegistry   name: 'jwt',
56 silly mapToRegistry   rawSpec: '',
56 silly mapToRegistry   spec: 'latest',
56 silly mapToRegistry   type: 'tag' }
57 silly mapToRegistry uri https://registry.npmjs.org/jwt
58 verbose addRemoteTarball https://registry.npmjs.org/jwt/-/jwt-0.2.0.tgz not in flight; adding
59 verbose addRemoteTarball [ 'https://registry.npmjs.org/jwt/-/jwt-0.2.0.tgz',
59 verbose addRemoteTarball   '4c9ad46bc84bfeaf91556ecce7c57aa578cbc8b8' ]
60 info retry fetch attempt 1 at 3:19:24 PM
61 info attempt registry request try #1 at 3:19:24 PM
62 http fetch GET https://registry.npmjs.org/jwt/-/jwt-0.2.0.tgz
63 http fetch 200 https://registry.npmjs.org/jwt/-/jwt-0.2.0.tgz
64 silly fetchAndShaCheck shasum 4c9ad46bc84bfeaf91556ecce7c57aa578cbc8b8
65 verbose addTmpTarball /tmp/npm-18478-f4b36d3a/registry.npmjs.org/jwt/-/jwt-0.2.0.tgz not in flight; adding
66 verbose addTmpTarball already have metadata; skipping unpack for jwt@0.2.0
67 verbose correctMkdir /home/crossing-tiago/.npm correctMkdir not in flight; initializing
68 silly cache afterAdd jwt@0.2.0
69 verbose afterAdd /home/crossing-tiago/.npm/jwt/0.2.0/package/package.json not in flight; writing
70 verbose correctMkdir /home/crossing-tiago/.npm correctMkdir not in flight; initializing
71 verbose afterAdd /home/crossing-tiago/.npm/jwt/0.2.0/package/package.json written
72 silly fetchNamedPackageData node-base64
73 silly mapToRegistry name node-base64
74 silly mapToRegistry using default registry
75 silly mapToRegistry registry https://registry.npmjs.org/
76 silly mapToRegistry data Result {
76 silly mapToRegistry   raw: 'node-base64',
76 silly mapToRegistry   scope: null,
76 silly mapToRegistry   escapedName: 'node-base64',
76 silly mapToRegistry   name: 'node-base64',
76 silly mapToRegistry   rawSpec: '',
76 silly mapToRegistry   spec: 'latest',
76 silly mapToRegistry   type: 'tag' }
77 silly mapToRegistry uri https://registry.npmjs.org/node-base64
78 verbose request uri https://registry.npmjs.org/node-base64
79 verbose request no auth needed
80 info attempt registry request try #1 at 3:19:24 PM
81 http request GET https://registry.npmjs.org/node-base64
82 http 200 https://registry.npmjs.org/node-base64
83 verbose headers { date: 'Wed, 31 Oct 2018 15:19:24 GMT',
83 verbose headers   'content-type': 'application/json; charset=UTF-8',
83 verbose headers   'transfer-encoding': 'chunked',
83 verbose headers   connection: 'keep-alive',
83 verbose headers   'set-cookie': [ '__cfduid=dd3c0d36f21e83f3f18002a8bb272b3fc1540999164; expires=Thu, 31-Oct-19 15:19:24 GMT; path=/; domain=.registry.npmjs.org; HttpOnly' ],
83 verbose headers   'cf-cache-status': 'REVALIDATED',
83 verbose headers   'cache-control': 'max-age=300',
83 verbose headers   'cf-ray': '47271987aa3361fa-LIS',
83 verbose headers   etag: 'W/"1af9fff642dd94d29b4022da439ab10c"',
83 verbose headers   'expect-ct': 'max-age=604800, report-uri="https://report-uri.cloudflare.com/cdn-cgi/beacon/expect-ct"',
83 verbose headers   'last-modified': 'Sun, 27 May 2018 09:54:54 GMT',
83 verbose headers   vary: 'accept-encoding, accept',
83 verbose headers   server: 'cloudflare',
83 verbose headers   'content-encoding': 'gzip' }
84 silly get cb [ 200,
84 silly get   { date: 'Wed, 31 Oct 2018 15:19:24 GMT',
84 silly get     'content-type': 'application/json; charset=UTF-8',
84 silly get     'transfer-encoding': 'chunked',
84 silly get     connection: 'keep-alive',
84 silly get     'set-cookie': [ '__cfduid=dd3c0d36f21e83f3f18002a8bb272b3fc1540999164; expires=Thu, 31-Oct-19 15:19:24 GMT; path=/; domain=.registry.npmjs.org; HttpOnly' ],
84 silly get     'cf-cache-status': 'REVALIDATED',
84 silly get     'cache-control': 'max-age=300',
84 silly get     'cf-ray': '47271987aa3361fa-LIS',
84 silly get     etag: 'W/"1af9fff642dd94d29b4022da439ab10c"',
84 silly get     'expect-ct': 'max-age=604800, report-uri="https://report-uri.cloudflare.com/cdn-cgi/beacon/expect-ct"',
84 silly get     'last-modified': 'Sun, 27 May 2018 09:54:54 GMT',
84 silly get     vary: 'accept-encoding, accept',
84 silly get     server: 'cloudflare',
84 silly get     'content-encoding': 'gzip' } ]
85 verbose get saving node-base64 to /home/crossing-tiago/.npm/registry.npmjs.org/node-base64/.cache.json
86 verbose correctMkdir /home/crossing-tiago/.npm correctMkdir not in flight; initializing
87 silly resolveWithNewModule node-base64@0.0.1 checking installable status
88 silly cache add args [ 'node-base64@0.0.1', null ]
89 verbose cache add spec node-base64@0.0.1
90 silly cache add parsed spec Result {
90 silly cache add   raw: 'node-base64@0.0.1',
90 silly cache add   scope: null,
90 silly cache add   escapedName: 'node-base64',
90 silly cache add   name: 'node-base64',
90 silly cache add   rawSpec: '0.0.1',
90 silly cache add   spec: '0.0.1',
90 silly cache add   type: 'version' }
91 silly addNamed node-base64@0.0.1
92 verbose addNamed "0.0.1" is a plain semver version for node-base64
93 silly mapToRegistry name node-base64
94 silly mapToRegistry using default registry
95 silly mapToRegistry registry https://registry.npmjs.org/
96 silly mapToRegistry data Result {
96 silly mapToRegistry   raw: 'node-base64',
96 silly mapToRegistry   scope: null,
96 silly mapToRegistry   escapedName: 'node-base64',
96 silly mapToRegistry   name: 'node-base64',
96 silly mapToRegistry   rawSpec: '',
96 silly mapToRegistry   spec: 'latest',
96 silly mapToRegistry   type: 'tag' }
97 silly mapToRegistry uri https://registry.npmjs.org/node-base64
98 verbose addNameVersion registry:https://registry.npmjs.org/node-base64 not in flight; fetching
99 verbose get https://registry.npmjs.org/node-base64 not expired, no request
100 silly mapToRegistry name node-base64
101 silly mapToRegistry using default registry
102 silly mapToRegistry registry https://registry.npmjs.org/
103 silly mapToRegistry data Result {
103 silly mapToRegistry   raw: 'node-base64',
103 silly mapToRegistry   scope: null,
103 silly mapToRegistry   escapedName: 'node-base64',
103 silly mapToRegistry   name: 'node-base64',
103 silly mapToRegistry   rawSpec: '',
103 silly mapToRegistry   spec: 'latest',
103 silly mapToRegistry   type: 'tag' }
104 silly mapToRegistry uri https://registry.npmjs.org/node-base64
105 verbose addRemoteTarball https://registry.npmjs.org/node-base64/-/node-base64-0.0.1.tgz not in flight; adding
106 verbose addRemoteTarball [ 'https://registry.npmjs.org/node-base64/-/node-base64-0.0.1.tgz',
106 verbose addRemoteTarball   'ee3e095f97e9f4d72fb3dea98bcb2d25c8716b03' ]
107 info retry fetch attempt 1 at 3:19:24 PM
108 info attempt registry request try #1 at 3:19:24 PM
109 http fetch GET https://registry.npmjs.org/node-base64/-/node-base64-0.0.1.tgz
110 http fetch 200 https://registry.npmjs.org/node-base64/-/node-base64-0.0.1.tgz
111 silly fetchAndShaCheck shasum ee3e095f97e9f4d72fb3dea98bcb2d25c8716b03
112 verbose addTmpTarball /tmp/npm-18478-f4b36d3a/registry.npmjs.org/node-base64/-/node-base64-0.0.1.tgz not in flight; adding
113 verbose addTmpTarball already have metadata; skipping unpack for node-base64@0.0.1
114 verbose correctMkdir /home/crossing-tiago/.npm correctMkdir not in flight; initializing
115 silly cache afterAdd node-base64@0.0.1
116 verbose afterAdd /home/crossing-tiago/.npm/node-base64/0.0.1/package/package.json not in flight; writing
117 verbose correctMkdir /home/crossing-tiago/.npm correctMkdir not in flight; initializing
118 verbose afterAdd /home/crossing-tiago/.npm/node-base64/0.0.1/package/package.json written
119 silly loadAllDepsIntoIdealTree Finishing
120 silly loadIdealTree Finishing
121 silly currentTree linko@1.0.0
121 silly currentTree ├── abbrev@1.1.1
121 silly currentTree ├── accepts@1.3.5
121 silly currentTree ├── ajv@5.5.2
121 silly currentTree ├── ansi-regex@2.1.1
121 silly currentTree ├── ansi-styles@2.2.1
121 silly currentTree ├── aproba@1.2.0
121 silly currentTree ├── are-we-there-yet@1.1.5
121 silly currentTree ├── array-flatten@1.1.1
121 silly currentTree ├── asn1@0.2.4
121 silly currentTree ├── assert-plus@1.0.0
121 silly currentTree ├── async@1.5.2
121 silly currentTree ├── asynckit@0.4.0
121 silly currentTree ├── aws-sign2@0.7.0
121 silly currentTree ├── aws4@1.8.0
121 silly currentTree ├── balanced-match@1.0.0
121 silly currentTree ├── bcrypt-pbkdf@1.0.2
121 silly currentTree ├── bcrypt@1.0.3
121 silly currentTree ├── block-stream@0.0.9
121 silly currentTree ├── bluebird@3.5.0
121 silly currentTree ├── body-parser@1.18.3
121 silly currentTree ├── bower@1.8.4
121 silly currentTree ├── brace-expansion@1.1.11
121 silly currentTree ├── bson@1.0.9
121 silly currentTree ├── buffer-equal-constant-time@1.0.1
121 silly currentTree ├── buffer-shims@1.0.0
121 silly currentTree ├── bytes@3.0.0
121 silly currentTree ├── caseless@0.12.0
121 silly currentTree ├── chalk@1.1.3
121 silly currentTree ├── co@4.6.0
121 silly currentTree ├── code-point-at@1.1.0
121 silly currentTree ├── combined-stream@1.0.7
121 silly currentTree ├── concat-map@0.0.1
121 silly currentTree ├── console-control-strings@1.1.0
121 silly currentTree ├── content-disposition@0.5.2
121 silly currentTree ├── content-type@1.0.4
121 silly currentTree ├── cookie-signature@1.0.6
121 silly currentTree ├── cookie@0.3.1
121 silly currentTree ├── core-util-is@1.0.2
121 silly currentTree ├── dashdash@1.14.1
121 silly currentTree ├── debug@2.6.9
121 silly currentTree ├── deep-extend@0.6.0
121 silly currentTree ├── delayed-stream@1.0.0
121 silly currentTree ├── delegates@1.0.0
121 silly currentTree ├── depd@1.1.2
121 silly currentTree ├── destroy@1.0.4
121 silly currentTree ├── dotenv@6.1.0
121 silly currentTree ├── ecc-jsbn@0.1.2
121 silly currentTree ├── ecdsa-sig-formatter@1.0.10
121 silly currentTree ├── ee-first@1.1.1
121 silly currentTree ├── encodeurl@1.0.2
121 silly currentTree ├── es6-promise@3.2.1
121 silly currentTree ├── escape-html@1.0.3
121 silly currentTree ├── escape-string-regexp@1.0.5
121 silly currentTree ├── etag@1.8.1
121 silly currentTree ├─┬ express-jwt@5.3.1
121 silly currentTree │ ├── jsonwebtoken@8.3.0
121 silly currentTree │ └── ms@2.1.1
121 silly currentTree ├── express-unless@0.3.1
121 silly currentTree ├─┬ express@4.16.4
121 silly currentTree │ └── statuses@1.4.0
121 silly currentTree ├── extend@3.0.2
121 silly currentTree ├── extsprintf@1.3.0
121 silly currentTree ├── fast-deep-equal@1.1.0
121 silly currentTree ├── fast-json-stable-stringify@2.0.0
121 silly currentTree ├─┬ finalhandler@1.1.1
121 silly currentTree │ └── statuses@1.4.0
121 silly currentTree ├── forever-agent@0.6.1
121 silly currentTree ├── form-data@2.3.3
121 silly currentTree ├── forwarded@0.1.2
121 silly currentTree ├── fresh@0.5.2
121 silly currentTree ├── fs.realpath@1.0.0
121 silly currentTree ├── fstream-ignore@1.0.5
121 silly currentTree ├── fstream@1.0.11
121 silly currentTree ├── gauge@2.7.4
121 silly currentTree ├── getpass@0.1.7
121 silly currentTree ├── glob@7.1.3
121 silly currentTree ├── graceful-fs@4.1.11
121 silly currentTree ├── har-schema@2.0.0
121 silly currentTree ├── har-validator@5.1.0
121 silly currentTree ├── has-ansi@2.0.0
121 silly currentTree ├── has-unicode@2.0.1
121 silly currentTree ├── hoek@2.16.3
121 silly currentTree ├── hooks-fixed@2.0.2
121 silly currentTree ├── http-errors@1.6.3
121 silly currentTree ├── http-signature@1.2.0
121 silly currentTree ├── iconv-lite@0.4.23
121 silly currentTree ├── inflight@1.0.6
121 silly currentTree ├── inherits@2.0.3
121 silly currentTree ├── ini@1.3.5
121 silly currentTree ├── ipaddr.js@1.8.0
121 silly currentTree ├── is-fullwidth-code-point@1.0.0
121 silly currentTree ├── is-typedarray@1.0.0
121 silly currentTree ├── isarray@1.0.0
121 silly currentTree ├── isemail@1.2.0
121 silly currentTree ├── isstream@0.1.2
121 silly currentTree ├── joi@6.10.1
121 silly currentTree ├── jsbn@0.1.1
121 silly currentTree ├── json-schema-traverse@0.3.1
121 silly currentTree ├── json-schema@0.2.3
121 silly currentTree ├── json-stringify-safe@5.0.1
121 silly currentTree ├── jsonwebtoken@7.4.3
121 silly currentTree ├── jsprim@1.4.1
121 silly currentTree ├── jwa@1.1.6
121 silly currentTree ├── jws@3.1.5
121 silly currentTree ├── kareem@1.5.0
121 silly currentTree ├── lodash.get@4.4.2
121 silly currentTree ├── lodash.includes@4.3.0
121 silly currentTree ├── lodash.isboolean@3.0.3
121 silly currentTree ├── lodash.isinteger@4.0.4
121 silly currentTree ├── lodash.isnumber@3.0.3
121 silly currentTree ├── lodash.isplainobject@4.0.6
121 silly currentTree ├── lodash.isstring@4.0.1
121 silly currentTree ├── lodash.once@4.1.1
121 silly currentTree ├── lodash.set@4.3.2
121 silly currentTree ├── lodash@4.17.11
121 silly currentTree ├── media-typer@0.3.0
121 silly currentTree ├── merge-descriptors@1.0.1
121 silly currentTree ├── methods@1.1.2
121 silly currentTree ├── mime-db@1.37.0
121 silly currentTree ├── mime-types@2.1.21
121 silly currentTree ├── mime@1.4.1
121 silly currentTree ├── minimatch@3.0.4
121 silly currentTree ├── minimist@0.0.8
121 silly currentTree ├── mkdirp@0.5.1
121 silly currentTree ├── moment@2.22.2
121 silly currentTree ├── mongodb-core@2.1.18
121 silly currentTree ├─┬ mongodb@2.2.34
121 silly currentTree │ ├── process-nextick-args@1.0.7
121 silly currentTree │ ├── readable-stream@2.2.7
121 silly currentTree │ └── string_decoder@1.0.3
121 silly currentTree ├─┬ mongoose@4.13.17
121 silly currentTree │ └── async@2.6.0
121 silly currentTree ├── mpath@0.5.1
121 silly currentTree ├── mpromise@0.5.5
121 silly currentTree ├─┬ mquery@2.3.3
121 silly currentTree │ └── sliced@0.0.5
121 silly currentTree ├── ms@2.0.0
121 silly currentTree ├── muri@1.3.0
121 silly currentTree ├── nan@2.6.2
121 silly currentTree ├── negotiator@0.6.1
121 silly currentTree ├── node-pre-gyp@0.6.36
121 silly currentTree ├── nopt@4.0.1
121 silly currentTree ├── npmlog@4.1.2
121 silly currentTree ├── number-is-nan@1.0.1
121 silly currentTree ├── oauth-sign@0.9.0
121 silly currentTree ├── object-assign@4.1.1
121 silly currentTree ├── on-finished@2.3.0
121 silly currentTree ├── once@1.4.0
121 silly currentTree ├── os-homedir@1.0.2
121 silly currentTree ├── os-tmpdir@1.0.2
121 silly currentTree ├── osenv@0.1.5
121 silly currentTree ├── parseurl@1.3.2
121 silly currentTree ├── path-is-absolute@1.0.1
121 silly currentTree ├── path-to-regexp@0.1.7
121 silly currentTree ├── performance-now@2.1.0
121 silly currentTree ├── process-nextick-args@2.0.0
121 silly currentTree ├── proxy-addr@2.0.4
121 silly currentTree ├── psl@1.1.29
121 silly currentTree ├── punycode@1.4.1
121 silly currentTree ├── qs@6.5.2
121 silly currentTree ├── range-parser@1.2.0
121 silly currentTree ├── raw-body@2.3.3
121 silly currentTree ├─┬ rc@1.2.8
121 silly currentTree │ └── minimist@1.2.0
121 silly currentTree ├── readable-stream@2.3.6
121 silly currentTree ├── regexp-clone@0.0.1
121 silly currentTree ├── request@2.88.0
121 silly currentTree ├── require_optional@1.0.1
121 silly currentTree ├── resolve-from@2.0.0
121 silly currentTree ├── rimraf@2.6.2
121 silly currentTree ├── safe-buffer@5.1.2
121 silly currentTree ├── safer-buffer@2.1.2
121 silly currentTree ├── semver@5.6.0
121 silly currentTree ├─┬ send@0.16.2
121 silly currentTree │ └── statuses@1.4.0
121 silly currentTree ├── serve-static@1.13.2
121 silly currentTree ├── set-blocking@2.0.0
121 silly currentTree ├── setprototypeof@1.1.0
121 silly currentTree ├── signal-exit@3.0.2
121 silly currentTree ├── sliced@1.0.1
121 silly currentTree ├── sshpk@1.15.2
121 silly currentTree ├── statuses@1.5.0
121 silly currentTree ├── string_decoder@1.1.1
121 silly currentTree ├── string-width@1.0.2
121 silly currentTree ├── strip-ansi@3.0.1
121 silly currentTree ├── strip-json-comments@2.0.1
121 silly currentTree ├── supports-color@2.0.0
121 silly currentTree ├── tar-pack@3.4.1
121 silly currentTree ├── tar@2.2.1
121 silly currentTree ├── topo@1.1.0
121 silly currentTree ├── tough-cookie@2.4.3
121 silly currentTree ├── tunnel-agent@0.6.0
121 silly currentTree ├── tweetnacl@0.14.5
121 silly currentTree ├── type-is@1.6.16
121 silly currentTree ├── uid-number@0.0.6
121 silly currentTree ├── unpipe@1.0.0
121 silly currentTree ├── util-deprecate@1.0.2
121 silly currentTree ├── utils-merge@1.0.1
121 silly currentTree ├── uuid@3.3.2
121 silly currentTree ├── vary@1.1.2
121 silly currentTree ├── verror@1.10.0
121 silly currentTree ├── wide-align@1.1.3
121 silly currentTree ├── wrappy@1.0.2
121 silly currentTree └── xtend@4.0.1
122 silly idealTree linko@1.0.0
122 silly idealTree ├── abbrev@1.1.1
122 silly idealTree ├── accepts@1.3.5
122 silly idealTree ├── ajv@5.5.2
122 silly idealTree ├── ansi-regex@2.1.1
122 silly idealTree ├── ansi-styles@2.2.1
122 silly idealTree ├── aproba@1.2.0
122 silly idealTree ├── are-we-there-yet@1.1.5
122 silly idealTree ├── array-flatten@1.1.1
122 silly idealTree ├── asn1@0.2.4
122 silly idealTree ├── assert-plus@1.0.0
122 silly idealTree ├── async@1.5.2
122 silly idealTree ├── asynckit@0.4.0
122 silly idealTree ├── aws-sign2@0.7.0
122 silly idealTree ├── aws4@1.8.0
122 silly idealTree ├── balanced-match@1.0.0
122 silly idealTree ├── bcrypt-pbkdf@1.0.2
122 silly idealTree ├── bcrypt@1.0.3
122 silly idealTree ├── block-stream@0.0.9
122 silly idealTree ├── bluebird@3.5.0
122 silly idealTree ├── body-parser@1.18.3
122 silly idealTree ├── bower@1.8.4
122 silly idealTree ├── brace-expansion@1.1.11
122 silly idealTree ├── bson@1.0.9
122 silly idealTree ├── buffer-equal-constant-time@1.0.1
122 silly idealTree ├── buffer-shims@1.0.0
122 silly idealTree ├── bytes@3.0.0
122 silly idealTree ├── caseless@0.12.0
122 silly idealTree ├── chalk@1.1.3
122 silly idealTree ├── co@4.6.0
122 silly idealTree ├── code-point-at@1.1.0
122 silly idealTree ├── combined-stream@1.0.7
122 silly idealTree ├── concat-map@0.0.1
122 silly idealTree ├── console-control-strings@1.1.0
122 silly idealTree ├── content-disposition@0.5.2
122 silly idealTree ├── content-type@1.0.4
122 silly idealTree ├── cookie-signature@1.0.6
122 silly idealTree ├── cookie@0.3.1
122 silly idealTree ├── core-util-is@1.0.2
122 silly idealTree ├── dashdash@1.14.1
122 silly idealTree ├── debug@2.6.9
122 silly idealTree ├── deep-extend@0.6.0
122 silly idealTree ├── delayed-stream@1.0.0
122 silly idealTree ├── delegates@1.0.0
122 silly idealTree ├── depd@1.1.2
122 silly idealTree ├── destroy@1.0.4
122 silly idealTree ├── dotenv@6.1.0
122 silly idealTree ├── ecc-jsbn@0.1.2
122 silly idealTree ├── ecdsa-sig-formatter@1.0.10
122 silly idealTree ├── ee-first@1.1.1
122 silly idealTree ├── encodeurl@1.0.2
122 silly idealTree ├── es6-promise@3.2.1
122 silly idealTree ├── escape-html@1.0.3
122 silly idealTree ├── escape-string-regexp@1.0.5
122 silly idealTree ├── etag@1.8.1
122 silly idealTree ├─┬ express-jwt@5.3.1
122 silly idealTree │ ├── jsonwebtoken@8.3.0
122 silly idealTree │ └── ms@2.1.1
122 silly idealTree ├── express-unless@0.3.1
122 silly idealTree ├─┬ express@4.16.4
122 silly idealTree │ └── statuses@1.4.0
122 silly idealTree ├── extend@3.0.2
122 silly idealTree ├── extsprintf@1.3.0
122 silly idealTree ├── fast-deep-equal@1.1.0
122 silly idealTree ├── fast-json-stable-stringify@2.0.0
122 silly idealTree ├─┬ finalhandler@1.1.1
122 silly idealTree │ └── statuses@1.4.0
122 silly idealTree ├── forever-agent@0.6.1
122 silly idealTree ├── form-data@2.3.3
122 silly idealTree ├── forwarded@0.1.2
122 silly idealTree ├── fresh@0.5.2
122 silly idealTree ├── fs.realpath@1.0.0
122 silly idealTree ├── fstream-ignore@1.0.5
122 silly idealTree ├── fstream@1.0.11
122 silly idealTree ├── gauge@2.7.4
122 silly idealTree ├── getpass@0.1.7
122 silly idealTree ├── glob@7.1.3
122 silly idealTree ├── graceful-fs@4.1.11
122 silly idealTree ├── har-schema@2.0.0
122 silly idealTree ├── har-validator@5.1.0
122 silly idealTree ├── has-ansi@2.0.0
122 silly idealTree ├── has-unicode@2.0.1
122 silly idealTree ├── hoek@2.16.3
122 silly idealTree ├── hooks-fixed@2.0.2
122 silly idealTree ├── http-errors@1.6.3
122 silly idealTree ├── http-signature@1.2.0
122 silly idealTree ├── iconv-lite@0.4.23
122 silly idealTree ├── inflight@1.0.6
122 silly idealTree ├── inherits@2.0.3
122 silly idealTree ├── ini@1.3.5
122 silly idealTree ├── ipaddr.js@1.8.0
122 silly idealTree ├── is-fullwidth-code-point@1.0.0
122 silly idealTree ├── is-typedarray@1.0.0
122 silly idealTree ├── isarray@1.0.0
122 silly idealTree ├── isemail@1.2.0
122 silly idealTree ├── isstream@0.1.2
122 silly idealTree ├── joi@6.10.1
122 silly idealTree ├── jsbn@0.1.1
122 silly idealTree ├── json-schema-traverse@0.3.1
122 silly idealTree ├── json-schema@0.2.3
122 silly idealTree ├── json-stringify-safe@5.0.1
122 silly idealTree ├── jsonwebtoken@7.4.3
122 silly idealTree ├── jsprim@1.4.1
122 silly idealTree ├── jwa@1.1.6
122 silly idealTree ├── jws@3.1.5
122 silly idealTree ├── jwt@0.2.0
122 silly idealTree ├── kareem@1.5.0
122 silly idealTree ├── lodash.get@4.4.2
122 silly idealTree ├── lodash.includes@4.3.0
122 silly idealTree ├── lodash.isboolean@3.0.3
122 silly idealTree ├── lodash.isinteger@4.0.4
122 silly idealTree ├── lodash.isnumber@3.0.3
122 silly idealTree ├── lodash.isplainobject@4.0.6
122 silly idealTree ├── lodash.isstring@4.0.1
122 silly idealTree ├── lodash.once@4.1.1
122 silly idealTree ├── lodash.set@4.3.2
122 silly idealTree ├── lodash@4.17.11
122 silly idealTree ├── media-typer@0.3.0
122 silly idealTree ├── merge-descriptors@1.0.1
122 silly idealTree ├── methods@1.1.2
122 silly idealTree ├── mime-db@1.37.0
122 silly idealTree ├── mime-types@2.1.21
122 silly idealTree ├── mime@1.4.1
122 silly idealTree ├── minimatch@3.0.4
122 silly idealTree ├── minimist@0.0.8
122 silly idealTree ├── mkdirp@0.5.1
122 silly idealTree ├── moment@2.22.2
122 silly idealTree ├── mongodb-core@2.1.18
122 silly idealTree ├─┬ mongodb@2.2.34
122 silly idealTree │ ├── process-nextick-args@1.0.7
122 silly idealTree │ ├── readable-stream@2.2.7
122 silly idealTree │ └── string_decoder@1.0.3
122 silly idealTree ├─┬ mongoose@4.13.17
122 silly idealTree │ └── async@2.6.0
122 silly idealTree ├── mpath@0.5.1
122 silly idealTree ├── mpromise@0.5.5
122 silly idealTree ├─┬ mquery@2.3.3
122 silly idealTree │ └── sliced@0.0.5
122 silly idealTree ├── ms@2.0.0
122 silly idealTree ├── muri@1.3.0
122 silly idealTree ├── nan@2.6.2
122 silly idealTree ├── negotiator@0.6.1
122 silly idealTree ├── node-base64@0.0.1
122 silly idealTree ├── node-pre-gyp@0.6.36
122 silly idealTree ├── nopt@4.0.1
122 silly idealTree ├── npmlog@4.1.2
122 silly idealTree ├── number-is-nan@1.0.1
122 silly idealTree ├── oauth-sign@0.9.0
122 silly idealTree ├── object-assign@4.1.1
122 silly idealTree ├── on-finished@2.3.0
122 silly idealTree ├── once@1.4.0
122 silly idealTree ├── os-homedir@1.0.2
122 silly idealTree ├── os-tmpdir@1.0.2
122 silly idealTree ├── osenv@0.1.5
122 silly idealTree ├── parseurl@1.3.2
122 silly idealTree ├── path-is-absolute@1.0.1
122 silly idealTree ├── path-to-regexp@0.1.7
122 silly idealTree ├── performance-now@2.1.0
122 silly idealTree ├── process-nextick-args@2.0.0
122 silly idealTree ├── proxy-addr@2.0.4
122 silly idealTree ├── psl@1.1.29
122 silly idealTree ├── punycode@1.4.1
122 silly idealTree ├── qs@6.5.2
122 silly idealTree ├── range-parser@1.2.0
122 silly idealTree ├── raw-body@2.3.3
122 silly idealTree ├─┬ rc@1.2.8
122 silly idealTree │ └── minimist@1.2.0
122 silly idealTree ├── readable-stream@2.3.6
122 silly idealTree ├── regexp-clone@0.0.1
122 silly idealTree ├── request@2.88.0
122 silly idealTree ├── require_optional@1.0.1
122 silly idealTree ├── resolve-from@2.0.0
122 silly idealTree ├── rimraf@2.6.2
122 silly idealTree ├── safe-buffer@5.1.2
122 silly idealTree ├── safer-buffer@2.1.2
122 silly idealTree ├── semver@5.6.0
122 silly idealTree ├─┬ send@0.16.2
122 silly idealTree │ └── statuses@1.4.0
122 silly idealTree ├── serve-static@1.13.2
122 silly idealTree ├── set-blocking@2.0.0
122 silly idealTree ├── setprototypeof@1.1.0
122 silly idealTree ├── signal-exit@3.0.2
122 silly idealTree ├── sliced@1.0.1
122 silly idealTree ├── sshpk@1.15.2
122 silly idealTree ├── statuses@1.5.0
122 silly idealTree ├── string_decoder@1.1.1
122 silly idealTree ├── string-width@1.0.2
122 silly idealTree ├── strip-ansi@3.0.1
122 silly idealTree ├── strip-json-comments@2.0.1
122 silly idealTree ├── supports-color@2.0.0
122 silly idealTree ├── tar-pack@3.4.1
122 silly idealTree ├── tar@2.2.1
122 silly idealTree ├── topo@1.1.0
122 silly idealTree ├── tough-cookie@2.4.3
122 silly idealTree ├── tunnel-agent@0.6.0
122 silly idealTree ├── tweetnacl@0.14.5
122 silly idealTree ├── type-is@1.6.16
122 silly idealTree ├── uid-number@0.0.6
122 silly idealTree ├── unpipe@1.0.0
122 silly idealTree ├── util-deprecate@1.0.2
122 silly idealTree ├── utils-merge@1.0.1
122 silly idealTree ├── uuid@3.3.2
122 silly idealTree ├── vary@1.1.2
122 silly idealTree ├── verror@1.10.0
122 silly idealTree ├── wide-align@1.1.3
122 silly idealTree ├── wrappy@1.0.2
122 silly idealTree └── xtend@4.0.1
123 silly generateActionsToTake Starting
124 silly install generateActionsToTake
125 silly generateActionsToTake Finishing
126 silly diffTrees action count 2
127 silly diffTrees add node-base64@0.0.1
128 silly diffTrees add jwt@0.2.0
129 silly decomposeActions action count 16
130 silly decomposeActions fetch node-base64@0.0.1
131 silly decomposeActions extract node-base64@0.0.1
132 silly decomposeActions test node-base64@0.0.1
133 silly decomposeActions preinstall node-base64@0.0.1
134 silly decomposeActions build node-base64@0.0.1
135 silly decomposeActions install node-base64@0.0.1
136 silly decomposeActions postinstall node-base64@0.0.1
137 silly decomposeActions finalize node-base64@0.0.1
138 silly decomposeActions fetch jwt@0.2.0
139 silly decomposeActions extract jwt@0.2.0
140 silly decomposeActions test jwt@0.2.0
141 silly decomposeActions preinstall jwt@0.2.0
142 silly decomposeActions build jwt@0.2.0
143 silly decomposeActions install jwt@0.2.0
144 silly decomposeActions postinstall jwt@0.2.0
145 silly decomposeActions finalize jwt@0.2.0
146 silly runTopLevelLifecycles Starting
147 silly executeActions Starting
148 silly install executeActions
149 silly doSerial global-install 0
150 silly doParallel fetch 2
151 verbose correctMkdir /home/crossing-tiago/.npm/_locks correctMkdir not in flight; initializing
152 verbose lock using /home/crossing-tiago/.npm/_locks/staging-899037cf425ec898.lock for /home/crossing-tiago/Desktop/app/NewTodoMean/node_modules/.staging
153 silly doParallel extract 2
154 silly extract node-base64@0.0.1
155 silly extract jwt@0.2.0
156 verbose unbuild node_modules/.staging/node-base64-ea94aedf
157 verbose unbuild node_modules/.staging/jwt-5110c452
158 silly gentlyRm /home/crossing-tiago/Desktop/app/NewTodoMean/node_modules/.staging/node-base64-ea94aedf is being purged from base /home/crossing-tiago/Desktop/app/NewTodoMean
159 verbose gentlyRm don't care about contents; nuking /home/crossing-tiago/Desktop/app/NewTodoMean/node_modules/.staging/node-base64-ea94aedf
160 silly gentlyRm /home/crossing-tiago/Desktop/app/NewTodoMean/node_modules/.staging/jwt-5110c452 is being purged from base /home/crossing-tiago/Desktop/app/NewTodoMean
161 verbose gentlyRm don't care about contents; nuking /home/crossing-tiago/Desktop/app/NewTodoMean/node_modules/.staging/jwt-5110c452
162 verbose tar unpack /home/crossing-tiago/.npm/node-base64/0.0.1/package.tgz
163 verbose tar unpacking to /home/crossing-tiago/Desktop/app/NewTodoMean/node_modules/.staging/node-base64-ea94aedf
164 silly gentlyRm /home/crossing-tiago/Desktop/app/NewTodoMean/node_modules/.staging/node-base64-ea94aedf is being purged
165 verbose gentlyRm don't care about contents; nuking /home/crossing-tiago/Desktop/app/NewTodoMean/node_modules/.staging/node-base64-ea94aedf
166 verbose tar unpack /home/crossing-tiago/.npm/jwt/0.2.0/package.tgz
167 verbose tar unpacking to /home/crossing-tiago/Desktop/app/NewTodoMean/node_modules/.staging/jwt-5110c452
168 silly gentlyRm /home/crossing-tiago/Desktop/app/NewTodoMean/node_modules/.staging/jwt-5110c452 is being purged
169 verbose gentlyRm don't care about contents; nuking /home/crossing-tiago/Desktop/app/NewTodoMean/node_modules/.staging/jwt-5110c452
170 silly gunzTarPerm modes [ '755', '644' ]
171 silly gunzTarPerm modes [ '755', '644' ]
172 silly gunzTarPerm extractEntry
173 silly gunzTarPerm extractEntry .npmignore
174 silly gunzTarPerm extractEntry lib/
175 silly gunzTarPerm extractEntry lib/jwt.js
176 silly gunzTarPerm extractEntry .gitignore
177 silly gunzTarPerm extractEntry base64.cc
178 silly gunzTarPerm extractEntry install.sh
179 silly gunzTarPerm extractEntry js_base64_for_comparsion.js
180 silly gunzTarPerm extractEntry makefile
181 silly gunzTarPerm extractEntry package.json
182 silly gunzTarPerm extractEntry README.md
183 silly gunzTarPerm extractEntry package.json
184 silly gunzTarPerm extractEntry README.md
185 silly gunzTarPerm extractEntry test.js
186 silly gunzTarPerm extractEntry test.php
187 silly gunzTarPerm extractEntry wscript
188 silly gentlyRm /home/crossing-tiago/Desktop/app/NewTodoMean/node_modules/.staging/jwt-5110c452/node_modules is being purged
189 verbose gentlyRm don't care about contents; nuking /home/crossing-tiago/Desktop/app/NewTodoMean/node_modules/.staging/jwt-5110c452/node_modules
190 silly gentlyRm /home/crossing-tiago/Desktop/app/NewTodoMean/node_modules/.staging/node-base64-ea94aedf/node_modules is being purged
191 verbose gentlyRm don't care about contents; nuking /home/crossing-tiago/Desktop/app/NewTodoMean/node_modules/.staging/node-base64-ea94aedf/node_modules
192 silly doParallel preinstall 2
193 silly preinstall node-base64@0.0.1 /home/crossing-tiago/Desktop/app/NewTodoMean/node_modules/.staging/node-base64-ea94aedf
194 info lifecycle node-base64@0.0.1~preinstall: node-base64@0.0.1
195 silly preinstall jwt@0.2.0 /home/crossing-tiago/Desktop/app/NewTodoMean/node_modules/.staging/jwt-5110c452
196 info lifecycle jwt@0.2.0~preinstall: jwt@0.2.0
197 silly lifecycle node-base64@0.0.1~preinstall: no script for preinstall, continuing
198 silly lifecycle jwt@0.2.0~preinstall: no script for preinstall, continuing
199 silly doReverseSerial remove 0
200 silly doSerial move 0
201 silly doSerial finalize 2
202 silly finalize /home/crossing-tiago/Desktop/app/NewTodoMean/node_modules/node-base64
203 silly finalize /home/crossing-tiago/Desktop/app/NewTodoMean/node_modules/jwt
204 silly doSerial build 2
205 silly build node-base64@0.0.1
206 info linkStuff node-base64@0.0.1
207 silly linkStuff node-base64@0.0.1 has /home/crossing-tiago/Desktop/app/NewTodoMean/node_modules as its parent node_modules
208 verbose linkBins node-base64@0.0.1
209 verbose linkMans node-base64@0.0.1
210 silly build jwt@0.2.0
211 info linkStuff jwt@0.2.0
212 silly linkStuff jwt@0.2.0 has /home/crossing-tiago/Desktop/app/NewTodoMean/node_modules as its parent node_modules
213 verbose linkBins jwt@0.2.0
214 verbose linkMans jwt@0.2.0
215 silly doSerial global-link 0
216 silly doParallel update-linked 0
217 silly doSerial install 2
218 silly install node-base64@0.0.1 /home/crossing-tiago/Desktop/app/NewTodoMean/node_modules/.staging/node-base64-ea94aedf
219 info lifecycle node-base64@0.0.1~install: node-base64@0.0.1
220 verbose lifecycle node-base64@0.0.1~install: unsafe-perm in lifecycle true
221 verbose lifecycle node-base64@0.0.1~install: PATH: /usr/local/lib/node_modules/npm/bin/node-gyp-bin:/home/crossing-tiago/Desktop/app/NewTodoMean/node_modules/node-base64/node_modules/.bin:/home/crossing-tiago/Desktop/app/NewTodoMean/node_modules/.bin:/usr/local/bin:/usr/bin:/bin:/usr/local/games:/usr/games:/sbin:/usr/sbin
222 verbose lifecycle node-base64@0.0.1~install: CWD: /home/crossing-tiago/Desktop/app/NewTodoMean/node_modules/node-base64
223 silly lifecycle node-base64@0.0.1~install: Args: [ '-c', './install.sh' ]
224 info lifecycle node-base64@0.0.1~install: Failed to exec install script
225 verbose unlock done using /home/crossing-tiago/.npm/_locks/staging-899037cf425ec898.lock for /home/crossing-tiago/Desktop/app/NewTodoMean/node_modules/.staging
226 silly rollbackFailedOptional Starting
227 silly rollbackFailedOptional Finishing
228 silly runTopLevelLifecycles Finishing
229 silly install printInstalled
230 warn linko@1.0.0 No repository field.
231 verbose If you need help, you may report this error at:
231 verbose     <https://github.com/npm/npm/issues>
232 verbose stack Error: node-base64@0.0.1 install: `./install.sh`
232 verbose stack spawn ENOENT
232 verbose stack     at ChildProcess.<anonymous> (/usr/local/lib/node_modules/npm/lib/utils/spawn.js:33:16)
232 verbose stack     at emitTwo (events.js:106:13)
232 verbose stack     at ChildProcess.emit (events.js:191:7)
232 verbose stack     at maybeClose (internal/child_process.js:920:16)
232 verbose stack     at Process.ChildProcess._handle.onexit (internal/child_process.js:230:5)
233 verbose pkgid node-base64@0.0.1
234 verbose cwd /home/crossing-tiago/Desktop/app/NewTodoMean
235 error Linux 4.15.0-29deepin-generic
236 error argv "/usr/local/bin/node" "/usr/local/bin/npm" "install" "jwt"
237 error node v6.14.4
238 error npm  v3.10.10
239 error file sh
240 error code ELIFECYCLE
241 error errno ENOENT
242 error syscall spawn
243 error node-base64@0.0.1 install: `./install.sh`
243 error spawn ENOENT
244 error Failed at the node-base64@0.0.1 install script './install.sh'.
244 error Make sure you have the latest version of node.js and npm installed.
244 error If you do, this is most likely a problem with the node-base64 package,
244 error not with npm itself.
244 error Tell the author that this fails on your system:
244 error     ./install.sh
244 error You can get information on how to open an issue for this project with:
244 error     npm bugs node-base64
244 error Or if that isn't available, you can get their info via:
244 error     npm owner ls node-base64
244 error There is likely additional logging output above.
245 verbose exit [ 1, true ]
